  Game.cpp
c:\users\c00230799\desktop\gpcube\sfmlopengl\game.cpp(119): warning C4244: 'argument': conversion from 'double' to 'GLfloat', possible loss of data
c:\users\c00230799\desktop\gpcube\sfmlopengl\game.cpp(120): warning C4244: 'argument': conversion from 'double' to 'GLfloat', possible loss of data
c:\users\c00230799\desktop\gpcube\sfmlopengl\game.cpp(121): warning C4244: 'argument': conversion from 'double' to 'GLfloat', possible loss of data
c:\users\c00230799\desktop\gpcube\sfmlopengl\game.cpp(122): warning C4244: 'argument': conversion from 'double' to 'GLfloat', possible loss of data
c:\users\c00230799\desktop\gpcube\sfmlopengl\game.cpp(125): warning C4244: 'argument': conversion from 'double' to 'GLfloat', possible loss of data
c:\users\c00230799\desktop\gpcube\sfmlopengl\game.cpp(126): warning C4244: 'argument': conversion from 'double' to 'GLfloat', possible loss of data
c:\users\c00230799\desktop\gpcube\sfmlopengl\game.cpp(127): warning C4244: 'argument': conversion from 'double' to 'GLfloat', possible loss of data
c:\users\c00230799\desktop\gpcube\sfmlopengl\game.cpp(128): warning C4244: 'argument': conversion from 'double' to 'GLfloat', possible loss of data
c:\users\c00230799\desktop\gpcube\sfmlopengl\game.cpp(131): warning C4244: 'argument': conversion from 'double' to 'GLfloat', possible loss of data
c:\users\c00230799\desktop\gpcube\sfmlopengl\game.cpp(132): warning C4244: 'argument': conversion from 'double' to 'GLfloat', possible loss of data
c:\users\c00230799\desktop\gpcube\sfmlopengl\game.cpp(133): warning C4244: 'argument': conversion from 'double' to 'GLfloat', possible loss of data
c:\users\c00230799\desktop\gpcube\sfmlopengl\game.cpp(134): warning C4244: 'argument': conversion from 'double' to 'GLfloat', possible loss of data
c:\users\c00230799\desktop\gpcube\sfmlopengl\game.cpp(137): warning C4244: 'argument': conversion from 'double' to 'GLfloat', possible loss of data
c:\users\c00230799\desktop\gpcube\sfmlopengl\game.cpp(138): warning C4244: 'argument': conversion from 'double' to 'GLfloat', possible loss of data
c:\users\c00230799\desktop\gpcube\sfmlopengl\game.cpp(139): warning C4244: 'argument': conversion from 'double' to 'GLfloat', possible loss of data
c:\users\c00230799\desktop\gpcube\sfmlopengl\game.cpp(140): warning C4244: 'argument': conversion from 'double' to 'GLfloat', possible loss of data
c:\users\c00230799\desktop\gpcube\sfmlopengl\game.cpp(143): warning C4244: 'argument': conversion from 'double' to 'GLfloat', possible loss of data
c:\users\c00230799\desktop\gpcube\sfmlopengl\game.cpp(144): warning C4244: 'argument': conversion from 'double' to 'GLfloat', possible loss of data
c:\users\c00230799\desktop\gpcube\sfmlopengl\game.cpp(145): warning C4244: 'argument': conversion from 'double' to 'GLfloat', possible loss of data
c:\users\c00230799\desktop\gpcube\sfmlopengl\game.cpp(146): warning C4244: 'argument': conversion from 'double' to 'GLfloat', possible loss of data
c:\users\c00230799\desktop\gpcube\sfmlopengl\game.cpp(149): warning C4244: 'argument': conversion from 'double' to 'GLfloat', possible loss of data
c:\users\c00230799\desktop\gpcube\sfmlopengl\game.cpp(150): warning C4244: 'argument': conversion from 'double' to 'GLfloat', possible loss of data
c:\users\c00230799\desktop\gpcube\sfmlopengl\game.cpp(151): warning C4244: 'argument': conversion from 'double' to 'GLfloat', possible loss of data
c:\users\c00230799\desktop\gpcube\sfmlopengl\game.cpp(152): warning C4244: 'argument': conversion from 'double' to 'GLfloat', possible loss of data
c:\users\c00230799\desktop\gpcube\sfmlopengl\game.cpp(155): warning C4244: 'argument': conversion from 'double' to 'GLfloat', possible loss of data
c:\users\c00230799\desktop\gpcube\sfmlopengl\game.cpp(156): warning C4244: 'argument': conversion from 'double' to 'GLfloat', possible loss of data
c:\users\c00230799\desktop\gpcube\sfmlopengl\game.cpp(157): warning C4244: 'argument': conversion from 'double' to 'GLfloat', possible loss of data
c:\users\c00230799\desktop\gpcube\sfmlopengl\game.cpp(158): warning C4244: 'argument': conversion from 'double' to 'GLfloat', possible loss of data
  Main.cpp
  MyMatrix3.cpp
  MyVector3.cpp
  Generating Code...
Game.obj : error LNK2019: unresolved external symbol "__declspec(dllimport) public: __cdecl sf::Time::Time(void)" (__imp_??0Time@sf@@QEAA@XZ) referenced in function "public: __cdecl Game::Game(void)" (??0Game@@QEAA@XZ)
Game.obj : error LNK2019: unresolved external symbol "__declspec(dllimport) public: float __cdecl sf::Time::asSeconds(void)const " (__imp_?asSeconds@Time@sf@@QEBAMXZ) referenced in function "private: void __cdecl Game::update(void)" (?update@Game@@AEAAXXZ)
Game.obj : error LNK2019: unresolved external symbol "__declspec(dllimport) public: __cdecl sf::Clock::Clock(void)" (__imp_??0Clock@sf@@QEAA@XZ) referenced in function "public: __cdecl Game::Game(void)" (??0Game@@QEAA@XZ)
Game.obj : error LNK2019: unresolved external symbol "__declspec(dllimport) public: class sf::Time __cdecl sf::Clock::getElapsedTime(void)const " (__imp_?getElapsedTime@Clock@sf@@QEBA?AVTime@2@XZ) referenced in function "private: void __cdecl Game::update(void)" (?update@Game@@AEAAXXZ)
Game.obj : error LNK2019: unresolved external symbol "__declspec(dllimport) public: class sf::Time __cdecl sf::Clock::restart(void)" (__imp_?restart@Clock@sf@@QEAA?AVTime@2@XZ) referenced in function "private: void __cdecl Game::update(void)" (?update@Game@@AEAAXXZ)
Game.obj : error LNK2019: unresolved external symbol "__declspec(dllimport) public: __cdecl sf::String::String(char const *,class std::locale const &)" (__imp_??0String@sf@@QEAA@PEBDAEBVlocale@std@@@Z) referenced in function "public: __cdecl Game::Game(void)" (??0Game@@QEAA@XZ)
Game.obj : error LNK2019: unresolved external symbol "__declspec(dllimport) public: __cdecl sf::String::~String(void)" (__imp_??1String@sf@@QEAA@XZ) referenced in function "public: __cdecl Game::Game(void)" (??0Game@@QEAA@XZ)
Game.obj : error LNK2019: unresolved external symbol "__declspec(dllimport) public: __cdecl sf::VideoMode::VideoMode(unsigned int,unsigned int,unsigned int)" (__imp_??0VideoMode@sf@@QEAA@III@Z) referenced in function "public: __cdecl Game::Game(void)" (??0Game@@QEAA@XZ)
Game.obj : error LNK2019: unresolved external symbol "__declspec(dllimport) public: __cdecl sf::Window::Window(class sf::VideoMode,class sf::String const &,unsigned int,struct sf::ContextSettings const &)" (__imp_??0Window@sf@@QEAA@VVideoMode@1@AEBVString@1@IAEBUContextSettings@1@@Z) referenced in function "public: __cdecl Game::Game(void)" (??0Game@@QEAA@XZ)
Game.obj : error LNK2019: unresolved external symbol "__declspec(dllimport) public: virtual __cdecl sf::Window::~Window(void)" (__imp_??1Window@sf@@UEAA@XZ) referenced in function "int `public: __cdecl Game::Game(void)'::`1'::dtor$2" (?dtor$2@?0???0Game@@QEAA@XZ@4HA)
Game.obj : error LNK2019: unresolved external symbol "__declspec(dllimport) public: bool __cdecl sf::Window::pollEvent(class sf::Event &)" (__imp_?pollEvent@Window@sf@@QEAA_NAEAVEvent@2@@Z) referenced in function "public: void __cdecl Game::run(void)" (?run@Game@@QEAAXXZ)
Game.obj : error LNK2019: unresolved external symbol "__declspec(dllimport) public: class sf::Vector2<unsigned int> __cdecl sf::Window::getSize(void)const " (__imp_?getSize@Window@sf@@QEBA?AV?$Vector2@I@2@XZ) referenced in function "private: void __cdecl Game::initialize(void)" (?initialize@Game@@AEAAXXZ)
Game.obj : error LNK2019: unresolved external symbol "__declspec(dllimport) public: void __cdecl sf::Window::display(void)" (__imp_?display@Window@sf@@QEAAXXZ) referenced in function "private: void __cdecl Game::draw(void)" (?draw@Game@@AEAAXXZ)
Game.obj : error LNK2019: unresolved external symbol __imp_glBegin referenced in function "private: void __cdecl Game::newFaceList(void)" (?newFaceList@Game@@AEAAXXZ)
Game.obj : error LNK2019: unresolved external symbol __imp_glCallList referenced in function "private: void __cdecl Game::draw(void)" (?draw@Game@@AEAAXXZ)
Game.obj : error LNK2019: unresolved external symbol __imp_glClear referenced in function "private: void __cdecl Game::draw(void)" (?draw@Game@@AEAAXXZ)
Game.obj : error LNK2019: unresolved external symbol __imp_glClearColor referenced in function "private: void __cdecl Game::initialize(void)" (?initialize@Game@@AEAAXXZ)
Game.obj : error LNK2019: unresolved external symbol __imp_glColor3f referenced in function "private: void __cdecl Game::newFaceList(void)" (?newFaceList@Game@@AEAAXXZ)
Game.obj : error LNK2019: unresolved external symbol __imp_glDeleteLists referenced in function "private: void __cdecl Game::newFaceList(void)" (?newFaceList@Game@@AEAAXXZ)
Game.obj : error LNK2019: unresolved external symbol __imp_glEnd referenced in function "private: void __cdecl Game::newFaceList(void)" (?newFaceList@Game@@AEAAXXZ)
Game.obj : error LNK2019: unresolved external symbol __imp_glEndList referenced in function "private: void __cdecl Game::newFaceList(void)" (?newFaceList@Game@@AEAAXXZ)
Game.obj : error LNK2019: unresolved external symbol __imp_glGenLists referenced in function "public: __cdecl Game::Game(void)" (??0Game@@QEAA@XZ)
Game.obj : error LNK2019: unresolved external symbol __imp_glLoadIdentity referenced in function "private: void __cdecl Game::initialize(void)" (?initialize@Game@@AEAAXXZ)
Game.obj : error LNK2019: unresolved external symbol __imp_glMatrixMode referenced in function "private: void __cdecl Game::initialize(void)" (?initialize@Game@@AEAAXXZ)
Game.obj : error LNK2019: unresolved external symbol __imp_glNewList referenced in function "private: void __cdecl Game::newFaceList(void)" (?newFaceList@Game@@AEAAXXZ)
Game.obj : error LNK2019: unresolved external symbol __imp_glVertex3f referenced in function "private: void __cdecl Game::newFaceList(void)" (?newFaceList@Game@@AEAAXXZ)
Game.obj : error LNK2019: unresolved external symbol gluPerspective referenced in function "private: void __cdecl Game::initialize(void)" (?initialize@Game@@AEAAXXZ)
C:\Users\c00230799\Desktop\GPCube\x64\Debug\SFMLOpenGL.exe : fatal error LNK1120: 27 unresolved externals
